<?xml version="1.0" encoding="UTF-8"?>
<!-- Generated by org.testng.reporters.JUnitXMLReporter -->
<testsuite ignored="1" hostname="DESKTOP-D0JLFQF" failures="0" tests="5" name="Default test" time="80.948" errors="0" timestamp="2023-01-13T20:16:07 IST">
  <testcase classname="swaglab_DDF_07.SwagLabTestNG" name="verifylog" time="2.11"/>
  <testcase classname="swaglab_DDF_07.SwagLabTestNG" name="verifySwagLabHomePageAddtoCartRemovebutton" time="3.46"/>
  <testcase classname="swaglab_DDF_07.SwagLabTestNG" name="verifySawgLabHomeListBOxA_Z" time="7.215"/>
  <testcase classname="swaglab_DDF_07.SwagLabTestNG" name="verifySwagLabCartPageTitle" time="7.249"/>
  <testcase classname="swaglab_DDF_07.SwagLabTestNG" name="verifySwagLabCheKOutErrorOnSumbitButn" time="7.392"/>
  <testcase classname="swaglab_DDF_07.SwagLabTestNG" name="verifySwagLabChekoutPageTiltle" time="0.0">
    <ignored/>
  </testcase> <!-- verifySwagLabChekoutPageTiltle -->
</testsuite> <!-- Default test -->
