<?xml version="1.0" encoding="UTF-8"?>
<testng-results ignored="1" total="6" passed="5" failed="0" skipped="0">
  <reporter-output>
  </reporter-output>
  <suite started-at="2023-01-13T20:14:46 IST" name="Default suite" finished-at="2023-01-13T20:16:07 IST" duration-ms="80948">
    <groups>
    </groups>
    <test started-at="2023-01-13T20:14:46 IST" name="Default test" finished-at="2023-01-13T20:16:07 IST" duration-ms="80948">
      <class name="swaglab_DDF_07.SwagLabTestNG">
        <test-method is-config="true" signature="Broswerinvoke()[pri:0, instance:swaglab_DDF_07.SwagLabTestNG@52af26ee]" started-at="2023-01-13T20:14:46 IST" name="Broswerinvoke" finished-at="2023-01-13T20:14:52 IST" duration-ms="5503" status="PASS">
          <reporter-output>
          </reporter-output>
        </test-method> <!-- Broswerinvoke -->
        <test-method is-config="true" signature="login()[pri:0, instance:swaglab_DDF_07.SwagLabTestNG@52af26ee]" started-at="2023-01-13T20:14:52 IST" name="login" finished-at="2023-01-13T20:14:57 IST" duration-ms="5488" status="PASS">
          <reporter-output>
          </reporter-output>
        </test-method> <!-- login -->
        <test-method signature="verifylog()[pri:1, instance:swaglab_DDF_07.SwagLabTestNG@52af26ee]" started-at="2023-01-13T20:14:57 IST" name="verifylog" finished-at="2023-01-13T20:14:59 IST" duration-ms="2110" status="PASS">
          <reporter-output>
          </reporter-output>
        </test-method> <!-- verifylog -->
        <test-method is-config="true" signature="lougoutFromApp()[pri:0, instance:swaglab_DDF_07.SwagLabTestNG@52af26ee]" started-at="2023-01-13T20:14:59 IST" name="lougoutFromApp" finished-at="2023-01-13T20:15:03 IST" duration-ms="4160" status="PASS">
          <reporter-output>
          </reporter-output>
        </test-method> <!-- lougoutFromApp -->
        <test-method is-config="true" signature="login()[pri:0, instance:swaglab_DDF_07.SwagLabTestNG@52af26ee]" started-at="2023-01-13T20:15:03 IST" name="login" finished-at="2023-01-13T20:15:09 IST" duration-ms="5465" status="PASS">
          <reporter-output>
          </reporter-output>
        </test-method> <!-- login -->
        <test-method signature="verifySwagLabHomePageAddtoCartRemovebutton()[pri:2, instance:swaglab_DDF_07.SwagLabTestNG@52af26ee]" started-at="2023-01-13T20:15:09 IST" name="verifySwagLabHomePageAddtoCartRemovebutton" finished-at="2023-01-13T20:15:12 IST" duration-ms="3460" status="PASS">
          <reporter-output>
          </reporter-output>
        </test-method> <!-- verifySwagLabHomePageAddtoCartRemovebutton -->
        <test-method is-config="true" signature="lougoutFromApp()[pri:0, instance:swaglab_DDF_07.SwagLabTestNG@52af26ee]" started-at="2023-01-13T20:15:12 IST" name="lougoutFromApp" finished-at="2023-01-13T20:15:16 IST" duration-ms="4147" status="PASS">
          <reporter-output>
          </reporter-output>
        </test-method> <!-- lougoutFromApp -->
        <test-method is-config="true" signature="login()[pri:0, instance:swaglab_DDF_07.SwagLabTestNG@52af26ee]" started-at="2023-01-13T20:15:16 IST" name="login" finished-at="2023-01-13T20:15:22 IST" duration-ms="5483" status="PASS">
          <reporter-output>
          </reporter-output>
        </test-method> <!-- login -->
        <test-method signature="verifySawgLabHomeListBOxA_Z()[pri:3, instance:swaglab_DDF_07.SwagLabTestNG@52af26ee]" started-at="2023-01-13T20:15:22 IST" name="verifySawgLabHomeListBOxA_Z" finished-at="2023-01-13T20:15:29 IST" duration-ms="7215" status="PASS">
          <reporter-output>
          </reporter-output>
        </test-method> <!-- verifySawgLabHomeListBOxA_Z -->
        <test-method is-config="true" signature="lougoutFromApp()[pri:0, instance:swaglab_DDF_07.SwagLabTestNG@52af26ee]" started-at="2023-01-13T20:15:29 IST" name="lougoutFromApp" finished-at="2023-01-13T20:15:33 IST" duration-ms="4160" status="PASS">
          <reporter-output>
          </reporter-output>
        </test-method> <!-- lougoutFromApp -->
        <test-method is-config="true" signature="login()[pri:0, instance:swaglab_DDF_07.SwagLabTestNG@52af26ee]" started-at="2023-01-13T20:15:33 IST" name="login" finished-at="2023-01-13T20:15:39 IST" duration-ms="5355" status="PASS">
          <reporter-output>
          </reporter-output>
        </test-method> <!-- login -->
        <test-method signature="verifySwagLabCartPageTitle()[pri:4, instance:swaglab_DDF_07.SwagLabTestNG@52af26ee]" started-at="2023-01-13T20:15:39 IST" name="verifySwagLabCartPageTitle" finished-at="2023-01-13T20:15:46 IST" duration-ms="7249" status="PASS">
          <reporter-output>
          </reporter-output>
        </test-method> <!-- verifySwagLabCartPageTitle -->
        <test-method is-config="true" signature="lougoutFromApp()[pri:0, instance:swaglab_DDF_07.SwagLabTestNG@52af26ee]" started-at="2023-01-13T20:15:46 IST" name="lougoutFromApp" finished-at="2023-01-13T20:15:50 IST" duration-ms="4150" status="PASS">
          <reporter-output>
          </reporter-output>
        </test-method> <!-- lougoutFromApp -->
        <test-method is-config="true" signature="login()[pri:0, instance:swaglab_DDF_07.SwagLabTestNG@52af26ee]" started-at="2023-01-13T20:15:50 IST" name="login" finished-at="2023-01-13T20:15:55 IST" duration-ms="5275" status="PASS">
          <reporter-output>
          </reporter-output>
        </test-method> <!-- login -->
        <test-method signature="verifySwagLabCheKOutErrorOnSumbitButn()[pri:6, instance:swaglab_DDF_07.SwagLabTestNG@52af26ee]" started-at="2023-01-13T20:15:55 IST" name="verifySwagLabCheKOutErrorOnSumbitButn" finished-at="2023-01-13T20:16:03 IST" duration-ms="7392" status="PASS">
          <reporter-output>
          </reporter-output>
        </test-method> <!-- verifySwagLabCheKOutErrorOnSumbitButn -->
        <test-method is-config="true" signature="lougoutFromApp()[pri:0, instance:swaglab_DDF_07.SwagLabTestNG@52af26ee]" started-at="2023-01-13T20:16:03 IST" name="lougoutFromApp" finished-at="2023-01-13T20:16:07 IST" duration-ms="4149" status="PASS">
          <reporter-output>
          </reporter-output>
        </test-method> <!-- lougoutFromApp -->
        <test-method is-config="true" signature="closeBroswer()[pri:0, instance:swaglab_DDF_07.SwagLabTestNG@52af26ee]" started-at="2023-01-13T20:16:07 IST" name="closeBroswer" finished-at="2023-01-13T20:16:07 IST" duration-ms="122" status="PASS">
          <reporter-output>
          </reporter-output>
        </test-method> <!-- closeBroswer -->
      </class> <!-- swaglab_DDF_07.SwagLabTestNG -->
    </test> <!-- Default test -->
  </suite> <!-- Default suite -->
</testng-results>
